#
# A fatal error has been detected by the Java Runtime Environment:
#
#  EXCEPTION_ACCESS_VIOLATION (0xc0000005) at pc=0x0000000068d4c170, pid=5200, tid=0x0000000000001e8c
#
# JRE version: OpenJDK Runtime Environment (8.0_152-b01) (build 1.8.0_152-release-1343-b01)
# Java VM: OpenJDK 64-Bit Server VM (25.152-b01 mixed mode windows-amd64 compressed oops)
# Problematic frame:
# V  [jvm.dll+0xbc170]
#
# Failed to write core dump. Minidumps are not enabled by default on client versions of Windows
#
# If you would like to submit a bug report, please visit:
#   http://bugreport.java.com/bugreport/crash.jsp
#

---------------  T H R E A D  ---------------

Current thread (0x0000000016479000):  JavaThread "C1 CompilerThread2" daemon [_thread_in_vm, id=7820, stack(0x0000000017cd0000,0x0000000017dd0000)]

siginfo: ExceptionCode=0xc0000005, reading address 0xffffffffffffffff

Registers:
RAX=0x0000000002fffb04, RBX=0x0000000000000087, RCX=0x0000000011a83000, RDX=0x63697665442f7765
RSP=0x0000000017dcee90, RBP=0x0000000002ffe000, RSI=0x00000000028a1940, RDI=0x00000000033b1900
R8 =0x0000000000000044, R9 =0x0000000000000000, R10=0x6e6150726f746172, R11=0x0000000002fffac0
R12=0x0000000000000000, R13=0x000000000007d000, R14=0x0000000002c00e00, R15=0x000000001f562c00
RIP=0x0000000068d4c170, EFLAGS=0x0000000000010206

Top of Stack: (sp=0x0000000017dcee90)
0x0000000017dcee90:   00000000164741c0 000000000000005c
0x0000000017dceea0:   0000000000000044 0000000068d4c5b6
0x0000000017dceeb0:   00000000000010f0 00000000028a1940
0x0000000017dceec0:   0000000017dcf108 0000000000000000
0x0000000017dceed0:   00000000000010f0 0000000068cfbe66
0x0000000017dceee0:   0000000000000000 00000000000001b0
0x0000000017dceef0:   0000000017dcf108 0000000002a007d0
0x0000000017dcef00:   0000000000000241 0000000068d091fb
0x0000000017dcef10:   00000000028abfb0 00000000028abfb0
0x0000000017dcef20:   0000000017dcf108 0000000017dcf0c9
0x0000000017dcef30:   0000000000000000 0000000019afc290
0x0000000017dcef40:   00000000ffffffff 0000000000000298
0x0000000017dcef50:   0000000017dcef78 0000000000000000
0x0000000017dcef60:   000000000000000f 0000000068d5773b
0x0000000017dcef70:   00002037b325eb36 000000001f562c00
0x0000000017dcef80:   000000001887cb00 0000000068cff425 

Instructions: (pc=0x0000000068d4c170)
0x0000000068d4c150:   d9 41 8b f9 4d 8b d6 4d 85 f6 0f 84 0d 01 00 00
0x0000000068d4c160:   4c 89 6c 24 20 4c 8b 2d 84 64 6a 00 0f 1f 40 00
0x0000000068d4c170:   49 8b 12 49 3b d0 72 28 4d 85 db 74 05 48 3b da
0x0000000068d4c180:   76 1e 45 84 e4 75 10 48 8b 4e 08 4b 8d 04 02 49 


Register to memory mapping:

RAX=0x0000000002fffb04 is an unknown value
RBX=0x0000000000000087 is an unknown value
RCX=0x0000000011a83000 is an unknown value
RDX=0x63697665442f7765 is an unknown value
RSP=0x0000000017dcee90 is pointing into the stack for thread: 0x0000000016479000
RBP=0x0000000002ffe000 is an unknown value
RSI=0x00000000028a1940 is an unknown value
RDI=0x00000000033b1900 is an unknown value
R8 =0x0000000000000044 is an unknown value
R9 =0x0000000000000000 is an unknown value
R10=0x6e6150726f746172 is an unknown value
R11=0x0000000002fffac0 is an unknown value
R12=0x0000000000000000 is an unknown value
R13=0x000000000007d000 is an unknown value
R14=0x0000000002c00e00 is an unknown value
R15=0x000000001f562c00 is an unknown value


Stack: [0x0000000017cd0000,0x0000000017dd0000],  sp=0x0000000017dcee90,  free space=1019k
Native frames: (J=compiled Java code, j=interpreted, Vv=VM code, C=native code)
V  [jvm.dll+0xbc170]
V  [jvm.dll+0xbc5b6]
V  [jvm.dll+0x6be66]
V  [jvm.dll+0x791fb]
V  [jvm.dll+0xc5ce]
V  [jvm.dll+0x3d9cb9]
V  [jvm.dll+0x3dac74]
V  [jvm.dll+0x3dae21]
V  [jvm.dll+0x3db02f]
V  [jvm.dll+0x813d8]
V  [jvm.dll+0x81d0f]
V  [jvm.dll+0x21d41f]
V  [jvm.dll+0x26d9aa]
C  [msvcr100.dll+0x21d9f]
C  [msvcr100.dll+0x21e3b]
C  [KERNEL32.DLL+0x14034]
C  [ntdll.dll+0x73691]


Current CompileTask:
C1: 268752 16213       3       com.sun.tools.javac.parser.JavaTokenizer::scanOperator (81 bytes)


---------------  P R O C E S S  ---------------

Java Threads: ( => current thread )
  0x000000001e073000 JavaThread "Cache worker for Java compile cache (F:\ShooShoo\.gradle\5.4\javaCompile)" [_thread_blocked, id=3804, stack(0x0000000027c90000,0x0000000027d90000)]
  0x000000001e06a000 JavaThread "Cache worker for Java compile cache (C:\Users\Ramu\.gradle\caches\5.4\javaCompile)" [_thread_blocked, id=5920, stack(0x0000000027b90000,0x0000000027c90000)]
  0x000000001e06d000 JavaThread "stdout" daemon [_thread_in_native, id=2788, stack(0x0000000027a90000,0x0000000027b90000)]
  0x000000001e06a800 JavaThread "stderr" daemon [_thread_in_native, id=1856, stack(0x0000000027990000,0x0000000027a90000)]
  0x000000001e06e800 JavaThread "stdout" daemon [_thread_in_native, id=5908, stack(0x0000000027890000,0x0000000027990000)]
  0x000000001e06d800 JavaThread "stderr" daemon [_thread_in_native, id=9756, stack(0x0000000027790000,0x0000000027890000)]
  0x000000001e070800 JavaThread "stdout" daemon [_thread_in_native, id=9848, stack(0x0000000027690000,0x0000000027790000)]
  0x000000001e070000 JavaThread "stderr" daemon [_thread_in_native, id=7140, stack(0x0000000027590000,0x0000000027690000)]
  0x00000000195e9800 JavaThread "pool-6-thread-1" [_thread_blocked, id=4184, stack(0x0000000027490000,0x0000000027590000)]
  0x000000001cd49800 JavaThread "ForkJoinPool.commonPool-worker-2" daemon [_thread_blocked, id=7960, stack(0x0000000027290000,0x0000000027390000)]
  0x000000001cd4e800 JavaThread "ForkJoinPool.commonPool-worker-1" daemon [_thread_blocked, id=2532, stack(0x0000000027190000,0x0000000027290000)]
  0x000000001cd43000 JavaThread "Cache worker for execution history cache (F:\ShooShoo\.gradle\5.4\executionHistory)" [_thread_blocked, id=9352, stack(0x0000000027090000,0x0000000027190000)]
  0x000000001cd49000 JavaThread "Execution worker for ':' Thread 3" [_thread_blocked, id=3572, stack(0x0000000026f90000,0x0000000027090000)]
  0x000000001cd41800 JavaThread "Execution worker for ':' Thread 2" [_thread_blocked, id=8500, stack(0x0000000026e90000,0x0000000026f90000)]
  0x000000001e0a3000 JavaThread "Execution worker for ':'" [_thread_blocked, id=516, stack(0x0000000026d90000,0x0000000026e90000)]
  0x000000001e0a2000 JavaThread "Cache worker for file content cache (F:\ShooShoo\.gradle\5.4\fileContent)" [_thread_blocked, id=6916, stack(0x0000000026c90000,0x0000000026d90000)]
  0x000000001e0a1800 JavaThread "Cache worker for file content cache (C:\Users\Ramu\.gradle\caches\5.4\fileContent)" [_thread_blocked, id=5468, stack(0x0000000026b90000,0x0000000026c90000)]
  0x000000001e0a0800 JavaThread "Cache worker for Build Output Cleanup Cache (F:\ShooShoo\.gradle\buildOutputCleanup)" [_thread_blocked, id=7328, stack(0x0000000026a90000,0x0000000026b90000)]
  0x000000001e099000 JavaThread "pool-5-thread-1" [_thread_blocked, id=9444, stack(0x0000000026990000,0x0000000026a90000)]
  0x000000001e0a0000 JavaThread "Build operations Thread 4" [_thread_blocked, id=10140, stack(0x0000000026890000,0x0000000026990000)]
  0x000000001e09f000 JavaThread "Build operations Thread 3" [_thread_blocked, id=7592, stack(0x0000000026790000,0x0000000026890000)]
  0x000000001e09e800 JavaThread "Build operations Thread 2" [_thread_blocked, id=180, stack(0x0000000026690000,0x0000000026790000)]
  0x000000001e09d800 JavaThread "Build operations" [_thread_blocked, id=3560, stack(0x0000000026590000,0x0000000026690000)]
  0x000000001e09d000 JavaThread "Cache worker for cache directory md-rule (C:\Users\Ramu\.gradle\caches\5.4\md-rule)" [_thread_blocked, id=2112, stack(0x0000000026490000,0x0000000026590000)]
  0x000000001e098800 JavaThread "Cache worker for cache directory md-supplier (C:\Users\Ramu\.gradle\caches\5.4\md-supplier)" [_thread_blocked, id=10036, stack(0x0000000026390000,0x0000000026490000)]
  0x000000001e097000 JavaThread "Cache worker for file hash cache (F:\ShooShoo\.gradle\5.4\fileHashes)" [_thread_blocked, id=3356, stack(0x0000000026290000,0x0000000026390000)]
  0x000000001e09c000 JavaThread "Thread-48" [_thread_blocked, id=2460, stack(0x0000000026190000,0x0000000026290000)]
  0x000000001e097800 JavaThread "Stdin handler" [_thread_blocked, id=10144, stack(0x0000000026090000,0x0000000026190000)]
  0x000000001e094800 JavaThread "Asynchronous log dispatcher for DefaultDaemonConnection: socket connection from /127.0.0.1:52254 to /127.0.0.1:52301" [_thread_blocked, id=10072, stack(0x0000000025f90000,0x0000000026090000)]
  0x000000001e09b800 JavaThread "Daemon worker Thread 2" [_thread_blocked, id=5608, stack(0x0000000025e90000,0x0000000025f90000)]
  0x000000001e095800 JavaThread "Cancel handler" [_thread_blocked, id=4724, stack(0x0000000025d90000,0x0000000025e90000)]
  0x000000001e096000 JavaThread "Handler for socket connection from /127.0.0.1:52254 to /127.0.0.1:52301" [_thread_in_native, id=368, stack(0x0000000025c90000,0x0000000025d90000)]
  0x000000001e09a800 JavaThread "Daemon Thread 2" [_thread_blocked, id=6812, stack(0x0000000025b90000,0x0000000025c90000)]
  0x000000001cd4d000 JavaThread "Memory manager" [_thread_blocked, id=3532, stack(0x0000000023e90000,0x0000000023f90000)]
  0x000000001cd40000 JavaThread "Cache worker for execution history cache (C:\Users\Ramu\.gradle\caches\5.4\executionHistory)" [_thread_blocked, id=2732, stack(0x0000000020300000,0x0000000020400000)]
  0x00000000195e7000 JavaThread "Cache worker for journal cache (C:\Users\Ramu\.gradle\caches\journal-1)" [_thread_blocked, id=2376, stack(0x000000001b120000,0x000000001b220000)]
  0x00000000195e6800 JavaThread "File lock request listener" [_thread_in_native, id=2444, stack(0x000000001af20000,0x000000001b020000)]
  0x000000001952e800 JavaThread "Cache worker for file hash cache (C:\Users\Ramu\.gradle\caches\5.4\fileHashes)" [_thread_blocked, id=8776, stack(0x000000001ae20000,0x000000001af20000)]
  0x0000000019337000 JavaThread "Daemon periodic checks" [_thread_blocked, id=916, stack(0x000000001a420000,0x000000001a520000)]
  0x0000000018fad000 JavaThread "Incoming local TCP Connector on port 52254" [_thread_in_native, id=3612, stack(0x000000001a1e0000,0x000000001a2e0000)]
  0x0000000019442800 JavaThread "Daemon health stats" [_thread_blocked, id=7152, stack(0x0000000019ba0000,0x0000000019ca0000)]
  0x0000000017df9800 JavaThread "Service Thread" daemon [_thread_blocked, id=8256, stack(0x00000000181d0000,0x00000000182d0000)]
=>0x0000000016479000 JavaThread "C1 CompilerThread2" daemon [_thread_in_vm, id=7820, stack(0x0000000017cd0000,0x0000000017dd0000)]
  0x000000001646d800 JavaThread "C2 CompilerThread1" daemon [_thread_in_native, id=8816, stack(0x0000000017bd0000,0x0000000017cd0000)]
  0x0000000016477800 JavaThread "C2 CompilerThread0" daemon [_thread_in_vm, id=7112, stack(0x0000000017ad0000,0x0000000017bd0000)]
  0x0000000016476800 JavaThread "Attach Listener" daemon [_thread_blocked, id=8252, stack(0x00000000179d0000,0x0000000017ad0000)]
  0x0000000016475000 JavaThread "Signal Dispatcher" daemon [_thread_blocked, id=8480, stack(0x00000000178d0000,0x00000000179d0000)]
  0x0000000016459800 JavaThread "Finalizer" daemon [_thread_blocked, id=8700, stack(0x00000000176e0000,0x00000000177e0000)]
  0x0000000002af1800 JavaThread "Reference Handler" daemon [_thread_blocked, id=5596, stack(0x00000000175e0000,0x00000000176e0000)]
  0x00000000028ad800 JavaThread "main" [_thread_blocked, id=1976, stack(0x0000000002900000,0x0000000002a00000)]

Other Threads:
  0x0000000016436000 VMThread [stack: 0x00000000174e0000,0x00000000175e0000] [id=5300]
  0x0000000017dfa000 WatcherThread [stack: 0x00000000182d0000,0x00000000183d0000] [id=4980]

VM state:not at safepoint (normal execution)

VM Mutex/Monitor currently owned by a thread:  ([mutex/lock_event])
[0x00000000028abfb0] CodeCache_lock - owner thread: 0x0000000016479000
[0x0000000002a007d0] Compile_lock - owner thread: 0x0000000016479000
[0x0000000002a00bd0] MethodCompileQueue_lock - owner thread: 0x0000000016479000

Heap:
 PSYoungGen      total 445952K, used 234306K [0x00000000e0000000, 0x00000000fd980000, 0x0000000100000000)
  eden space 414208K, 53% used [0x00000000e0000000,0x00000000ed81fd48,0x00000000f9480000)
  from space 31744K, 40% used [0x00000000fba80000,0x00000000fc730b20,0x00000000fd980000)
  to   space 35328K, 0% used [0x00000000f9480000,0x00000000f9480000,0x00000000fb700000)
 ParOldGen       total 130560K, used 66220K [0x00000000a0000000, 0x00000000a7f80000, 0x00000000e0000000)
  object space 130560K, 50% used [0x00000000a0000000,0x00000000a40ab3a0,0x00000000a7f80000)
 Metaspace       used 86665K, capacity 89842K, committed 90240K, reserved 1128448K
  class space    used 10897K, capacity 11530K, committed 11648K, reserved 1048576K

Card table byte_map: [0x0000000011ec0000,0x00000000121d0000] byte_map_base: 0x00000000119c0000

Marking Bits: (ParMarkBitMap*) 0x0000000069455aa0
 Begin Bits: [0x00000000127d0000, 0x0000000013fd0000)
 End Bits:   [0x0000000013fd0000, 0x00000000157d0000)

Polling page: 0x00000000005e0000

CodeCache: size=245760Kb used=48771Kb max_used=49047Kb free=196988Kb
 bounds [0x0000000002b00000, 0x0000000005b30000, 0x0000000011b00000]
 total_blobs=14389 nmethods=13498 adapters=802
 compilation: enabled

Compilation events (10 events):
Event: 268.636 Thread 0x0000000016479000 nmethod 16210 0x0000000003e28b90 code [0x0000000003e28d40, 0x0000000003e291b8]
Event: 268.636 Thread 0x0000000016479000 16193       3       com.sun.tools.javac.parser.JavacParser::blockStatement (860 bytes)
Event: 268.638 Thread 0x0000000016477800 nmethod 16204 0x0000000003e28810 code [0x0000000003e28940, 0x0000000003e28af8]
Event: 268.638 Thread 0x0000000016477800 16191       4       com.sun.tools.javac.parser.UnicodeReader::putChar (10 bytes)
Event: 268.640 Thread 0x0000000016477800 nmethod 16191 0x0000000003e28250 code [0x0000000003e283a0, 0x0000000003e28548]
Event: 268.640 Thread 0x0000000016477800 16188       4       com.sun.tools.javac.parser.Scanner::token (30 bytes)
Event: 268.640 Thread 0x0000000016479000 nmethod 16193 0x00000000053545d0 code [0x0000000005354e00, 0x000000000535a058]
Event: 268.640 Thread 0x0000000016479000 16215       3       com.sun.tools.javac.parser.JavaTokenizer::scanIdent (739 bytes)
Event: 268.642 Thread 0x0000000016479000 nmethod 16215 0x00000000051ece90 code [0x00000000051ed200, 0x00000000051eee68]
Event: 268.642 Thread 0x0000000016479000 16213       3       com.sun.tools.javac.parser.JavaTokenizer::scanOperator (81 bytes)

GC Heap History (10 events):
Event: 43.566 GC heap before
{Heap before GC invocations=17 (full 3):
 PSYoungGen      total 305152K, used 16873K [0x00000000e0000000, 0x00000000f5580000, 0x0000000100000000)
  eden space 288256K, 0% used [0x00000000e0000000,0x00000000e0000000,0x00000000f1980000)
  from space 16896K, 99% used [0x00000000f2d00000,0x00000000f3d7a590,0x00000000f3d80000)
  to   space 19968K, 0% used [0x00000000f1980000,0x00000000f1980000,0x00000000f2d00000)
 ParOldGen       total 93696K, used 22162K [0x00000000a0000000, 0x00000000a5b80000, 0x00000000e0000000)
  object space 93696K, 23% used [0x00000000a0000000,0x00000000a15a4a10,0x00000000a5b80000)
 Metaspace       used 57424K, capacity 58962K, committed 59096K, reserved 1101824K
  class space    used 7397K, capacity 7731K, committed 7808K, reserved 1048576K
Event: 43.754 GC heap after
Heap after GC invocations=17 (full 3):
 PSYoungGen      total 305152K, used 0K [0x00000000e0000000, 0x00000000f5580000, 0x0000000100000000)
  eden space 288256K, 0% used [0x00000000e0000000,0x00000000e0000000,0x00000000f1980000)
  from space 16896K, 0% used [0x00000000f2d00000,0x00000000f2d00000,0x00000000f3d80000)
  to   space 19968K, 0% used [0x00000000f1980000,0x00000000f1980000,0x00000000f2d00000)
 ParOldGen       total 130560K, used 32118K [0x00000000a0000000, 0x00000000a7f80000, 0x00000000e0000000)
  object space 130560K, 24% used [0x00000000a0000000,0x00000000a1f5da70,0x00000000a7f80000)
 Metaspace       used 57366K, capacity 58838K, committed 59096K, reserved 1101824K
  class space    used 7380K, capacity 7711K, committed 7808K, reserved 1048576K
}
Event: 102.335 GC heap before
{Heap before GC invocations=18 (full 3):
 PSYoungGen      total 305152K, used 288256K [0x00000000e0000000, 0x00000000f5580000, 0x0000000100000000)
  eden space 288256K, 100% used [0x00000000e0000000,0x00000000f1980000,0x00000000f1980000)
  from space 16896K, 0% used [0x00000000f2d00000,0x00000000f2d00000,0x00000000f3d80000)
  to   space 19968K, 0% used [0x00000000f1980000,0x00000000f1980000,0x00000000f2d00000)
 ParOldGen       total 130560K, used 32118K [0x00000000a0000000, 0x00000000a7f80000, 0x00000000e0000000)
  object space 130560K, 24% used [0x00000000a0000000,0x00000000a1f5da70,0x00000000a7f80000)
 Metaspace       used 71253K, capacity 73714K, committed 73984K, reserved 1114112K
  class space    used 9380K, capacity 9895K, committed 9984K, reserved 1048576K
Event: 102.357 GC heap after
Heap after GC invocations=18 (full 3):
 PSYoungGen      total 308224K, used 19961K [0x00000000e0000000, 0x00000000f9980000, 0x0000000100000000)
  eden space 288256K, 0% used [0x00000000e0000000,0x00000000e0000000,0x00000000f1980000)
  from space 19968K, 99% used [0x00000000f1980000,0x00000000f2cfe600,0x00000000f2d00000)
  to   space 22528K, 0% used [0x00000000f8380000,0x00000000f8380000,0x00000000f9980000)
 ParOldGen       total 130560K, used 32878K [0x00000000a0000000, 0x00000000a7f80000, 0x00000000e0000000)
  object space 130560K, 25% used [0x00000000a0000000,0x00000000a201b888,0x00000000a7f80000)
 Metaspace       used 71253K, capacity 73714K, committed 73984K, reserved 1114112K
  class space    used 9380K, capacity 9895K, committed 9984K, reserved 1048576K
}
Event: 139.008 GC heap before
{Heap before GC invocations=19 (full 3):
 PSYoungGen      total 308224K, used 308217K [0x00000000e0000000, 0x00000000f9980000, 0x0000000100000000)
  eden space 288256K, 100% used [0x00000000e0000000,0x00000000f1980000,0x00000000f1980000)
  from space 19968K, 99% used [0x00000000f1980000,0x00000000f2cfe600,0x00000000f2d00000)
  to   space 22528K, 0% used [0x00000000f8380000,0x00000000f8380000,0x00000000f9980000)
 ParOldGen       total 130560K, used 32878K [0x00000000a0000000, 0x00000000a7f80000, 0x00000000e0000000)
  object space 130560K, 25% used [0x00000000a0000000,0x00000000a201b888,0x00000000a7f80000)
 Metaspace       used 73074K, capacity 75652K, committed 75904K, reserved 1116160K
  class space    used 9490K, capacity 10028K, committed 10112K, reserved 1048576K
Event: 139.041 GC heap after
Heap after GC invocations=19 (full 3):
 PSYoungGen      total 385536K, used 22498K [0x00000000e0000000, 0x00000000f9980000, 0x0000000100000000)
  eden space 363008K, 0% used [0x00000000e0000000,0x00000000e0000000,0x00000000f6280000)
  from space 22528K, 99% used [0x00000000f8380000,0x00000000f9978a28,0x00000000f9980000)
  to   space 26624K, 0% used [0x00000000f6580000,0x00000000f6580000,0x00000000f7f80000)
 ParOldGen       total 130560K, used 35898K [0x00000000a0000000, 0x00000000a7f80000, 0x00000000e0000000)
  object space 130560K, 27% used [0x00000000a0000000,0x00000000a230e928,0x00000000a7f80000)
 Metaspace       used 73074K, capacity 75652K, committed 75904K, reserved 1116160K
  class space    used 9490K, capacity 10028K, committed 10112K, reserved 1048576K
}
Event: 254.943 GC heap before
{Heap before GC invocations=20 (full 3):
 PSYoungGen      total 385536K, used 385506K [0x00000000e0000000, 0x00000000f9980000, 0x0000000100000000)
  eden space 363008K, 100% used [0x00000000e0000000,0x00000000f6280000,0x00000000f6280000)
  from space 22528K, 99% used [0x00000000f8380000,0x00000000f9978a28,0x00000000f9980000)
  to   space 26624K, 0% used [0x00000000f6580000,0x00000000f6580000,0x00000000f7f80000)
 ParOldGen       total 130560K, used 35898K [0x00000000a0000000, 0x00000000a7f80000, 0x00000000e0000000)
  object space 130560K, 27% used [0x00000000a0000000,0x00000000a230e928,0x00000000a7f80000)
 Metaspace       used 79853K, capacity 82980K, committed 83200K, reserved 1122304K
  class space    used 10105K, capacity 10727K, committed 10752K, reserved 1048576K
Event: 254.989 GC heap after
Heap after GC invocations=20 (full 3):
 PSYoungGen      total 392704K, used 26613K [0x00000000e0000000, 0x00000000fde80000, 0x0000000100000000)
  eden space 366080K, 0% used [0x00000000e0000000,0x00000000e0000000,0x00000000f6580000)
  from space 26624K, 99% used [0x00000000f6580000,0x00000000f7f7d7d8,0x00000000f7f80000)
  to   space 36864K, 0% used [0x00000000fba80000,0x00000000fba80000,0x00000000fde80000)
 ParOldGen       total 130560K, used 53573K [0x00000000a0000000, 0x00000000a7f80000, 0x00000000e0000000)
  object space 130560K, 41% used [0x00000000a0000000,0x00000000a3451670,0x00000000a7f80000)
 Metaspace       used 79853K, capacity 82980K, committed 83200K, reserved 1122304K
  class space    used 10105K, capacity 10727K, committed 10752K, reserved 1048576K
}
Event: 266.706 GC heap before
{Heap before GC invocations=21 (full 3):
 PSYoungGen      total 392704K, used 392693K [0x00000000e0000000, 0x00000000fde80000, 0x0000000100000000)
  eden space 366080K, 100% used [0x00000000e0000000,0x00000000f6580000,0x00000000f6580000)
  from space 26624K, 99% used [0x00000000f6580000,0x00000000f7f7d7d8,0x00000000f7f80000)
  to   space 36864K, 0% used [0x00000000fba80000,0x00000000fba80000,0x00000000fde80000)
 ParOldGen       total 130560K, used 53573K [0x00000000a0000000, 0x00000000a7f80000, 0x00000000e0000000)
  object space 130560K, 41% used [0x00000000a0000000,0x00000000a3451670,0x00000000a7f80000)
 Metaspace       used 82052K, capacity 85158K, committed 85504K, reserved 1124352K
  class space    used 10315K, capacity 10946K, committed 11008K, reserved 1048576K
Event: 266.739 GC heap after
Heap after GC invocations=21 (full 3):
 PSYoungGen      total 445952K, used 12994K [0x00000000e0000000, 0x00000000fd980000, 0x0000000100000000)
  eden space 414208K, 0% used [0x00000000e0000000,0x00000000e0000000,0x00000000f9480000)
  from space 31744K, 40% used [0x00000000fba80000,0x00000000fc730b20,0x00000000fd980000)
  to   space 35328K, 0% used [0x00000000f9480000,0x00000000f9480000,0x00000000fb700000)
 ParOldGen       total 130560K, used 66220K [0x00000000a0000000, 0x00000000a7f80000, 0x00000000e0000000)
  object space 130560K, 50% used [0x00000000a0000000,0x00000000a40ab3a0,0x00000000a7f80000)
 Metaspace       used 82052K, capacity 85158K, committed 85504K, reserved 1124352K
  class space    used 10315K, capacity 10946K, committed 11008K, reserved 1048576K
}

Deoptimization events (10 events):
Event: 267.577 Thread 0x000000001e09b800 Uncommon trap: reason=unstable_if action=reinterpret pc=0x00000000057c07ec method=org.gradle.internal.snapshot.impl.DirectorySnapshotter$1.isAllowed(Ljava/nio/file/Path;Ljava/lang/String;ZLjava/nio/file/attribute/BasicFileAttributes;Ljava/lang/Iterable;)Z
Event: 268.176 Thread 0x000000001e09b800 Uncommon trap: reason=bimorphic action=maybe_recompile pc=0x0000000003483eec method=java.util.zip.InflaterInputStream.read([BII)I @ 100
Event: 268.196 Thread 0x000000001e09b800 Uncommon trap: reason=bimorphic action=maybe_recompile pc=0x0000000003483eec method=java.util.zip.InflaterInputStream.read([BII)I @ 100
Event: 268.537 Thread 0x000000001e09b800 Uncommon trap: reason=unstable_if action=reinterpret pc=0x0000000005840d70 method=java.util.EnumMap.isValidKey(Ljava/lang/Object;)Z @ 16
Event: 268.542 Thread 0x000000001e09b800 Uncommon trap: reason=unstable_if action=reinterpret pc=0x00000000040c91c8 method=java.lang.StringCoding$StringDecoder.decode([BII)[C @ 20
Event: 268.547 Thread 0x000000001e09b800 Uncommon trap: reason=unstable_if action=reinterpret pc=0x00000000041bb0c8 method=java.util.regex.Pattern.sequence(Ljava/util/regex/Pattern$Node;)Ljava/util/regex/Pattern$Node; @ 201
Event: 268.593 Thread 0x000000001e09b800 Uncommon trap: reason=unstable_if action=reinterpret pc=0x0000000005ae0ac0 method=com.sun.tools.javac.parser.UnicodeReader.scanChar()V @ 37
Event: 268.607 Thread 0x000000001e09b800 Uncommon trap: reason=unstable_if action=reinterpret pc=0x0000000002d924c0 method=com.sun.tools.javac.util.Name$Table.equals([BI[BII)Z @ 22
Event: 268.608 Thread 0x000000001e09b800 Uncommon trap: reason=unstable_if action=reinterpret pc=0x0000000004852414 method=java.lang.Integer.parseInt(Ljava/lang/String;I)I @ 122
Event: 268.638 Thread 0x000000001e09b800 Uncommon trap: reason=unstable_if action=reinterpret pc=0x00000000051f0c10 method=com.sun.tools.javac.util.Name$Table.equals([BI[BII)Z @ 22

Classes redefined (0 events):
No events

Internal exceptions (10 events):
Event: 265.270 Thread 0x000000001e09b800 Exception <a 'sun/nio/fs/WindowsException'> (0x00000000ef1559d0) thrown at [D:\src\AOSP-openjdk-cygwin\jdk8u\hotspot\src\share\vm\prims\jni.cpp, line 709]
Event: 265.274 Thread 0x000000001e09b800 Exception <a 'sun/nio/fs/WindowsException'> (0x00000000ef16f360) thrown at [D:\src\AOSP-openjdk-cygwin\jdk8u\hotspot\src\share\vm\prims\jni.cpp, line 709]
Event: 265.278 Thread 0x000000001e09b800 Exception <a 'sun/nio/fs/WindowsException'> (0x00000000ef20ef58) thrown at [D:\src\AOSP-openjdk-cygwin\jdk8u\hotspot\src\share\vm\prims\jni.cpp, line 709]
Event: 265.283 Thread 0x000000001e09b800 Exception <a 'sun/nio/fs/WindowsException'> (0x00000000ef241038) thrown at [D:\src\AOSP-openjdk-cygwin\jdk8u\hotspot\src\share\vm\prims\jni.cpp, line 709]
Event: 265.287 Thread 0x000000001e09b800 Exception <a 'sun/nio/fs/WindowsException'> (0x00000000ef2d8640) thrown at [D:\src\AOSP-openjdk-cygwin\jdk8u\hotspot\src\share\vm\prims\jni.cpp, line 709]
Event: 265.291 Thread 0x000000001e09b800 Exception <a 'sun/nio/fs/WindowsException'> (0x00000000ef30a748) thrown at [D:\src\AOSP-openjdk-cygwin\jdk8u\hotspot\src\share\vm\prims\jni.cpp, line 709]
Event: 265.295 Thread 0x000000001e09b800 Exception <a 'sun/nio/fs/WindowsException'> (0x00000000ef33cea8) thrown at [D:\src\AOSP-openjdk-cygwin\jdk8u\hotspot\src\share\vm\prims\jni.cpp, line 709]
Event: 265.299 Thread 0x000000001e09b800 Exception <a 'sun/nio/fs/WindowsException'> (0x00000000ef36f5d8) thrown at [D:\src\AOSP-openjdk-cygwin\jdk8u\hotspot\src\share\vm\prims\jni.cpp, line 709]
Event: 265.303 Thread 0x000000001e09b800 Exception <a 'sun/nio/fs/WindowsException'> (0x00000000ef3a1758) thrown at [D:\src\AOSP-openjdk-cygwin\jdk8u\hotspot\src\share\vm\prims\jni.cpp, line 709]
Event: 265.308 Thread 0x000000001e09b800 Exception <a 'sun/nio/fs/WindowsException'> (0x00000000ef3d3880) thrown at [D:\src\AOSP-openjdk-cygwin\jdk8u\hotspot\src\share\vm\prims\jni.cpp, line 709]

Events (10 events):
Event: 268.619 Thread 0x0000000016479000 flushing nmethod 0x0000000004b7ff10
Event: 268.620 Thread 0x0000000016479000 flushing nmethod 0x0000000004d3a8d0
Event: 268.620 Thread 0x0000000016479000 flushing nmethod 0x0000000004e51bd0
Event: 268.621 Thread 0x0000000016479000 flushing nmethod 0x0000000004f8dc50
Event: 268.622 Thread 0x0000000016479000 flushing nmethod 0x00000000051e8e50
Event: 268.622 Thread 0x0000000016479000 flushing nmethod 0x0000000005311f50
Event: 268.622 Thread 0x0000000016479000 flushing nmethod 0x0000000005331210
Event: 268.638 Thread 0x000000001e09b800 Uncommon trap: trap_request=0xffffff65 fr.pc=0x00000000051f0c10
Event: 268.638 Thread 0x000000001e09b800 DEOPT PACKING pc=0x00000000051f0c10 sp=0x0000000025f86b00
Event: 268.638 Thread 0x000000001e09b800 DEOPT UNPACKING pc=0x0000000002b4557b sp=0x0000000025f86880 mode 2


Dynamic libraries:
0x00007ff70d080000 - 0x00007ff70d0b1000 	C:\Program Files\Android\Android Studio\jre\bin\java.exe
0x00007ffe1d060000 - 0x00007ffe1d241000 	C:\WINDOWS\SYSTEM32\ntdll.dll
0x00007ffe1ba70000 - 0x00007ffe1bb21000 	C:\WINDOWS\System32\KERNEL32.DLL
0x00007ffe19ca0000 - 0x00007ffe19f13000 	C:\WINDOWS\System32\KERNELBASE.dll
0x00007ffe1a520000 - 0x00007ffe1a5c1000 	C:\WINDOWS\System32\ADVAPI32.dll
0x00007ffe1bea0000 - 0x00007ffe1bf3e000 	C:\WINDOWS\System32\msvcrt.dll
0x00007ffe1bb30000 - 0x00007ffe1bb8b000 	C:\WINDOWS\System32\sechost.dll
0x00007ffe1c290000 - 0x00007ffe1c3b4000 	C:\WINDOWS\System32\RPCRT4.dll
0x00007ffe1bb90000 - 0x00007ffe1bd20000 	C:\WINDOWS\System32\USER32.dll
0x00007ffe1a4d0000 - 0x00007ffe1a4f0000 	C:\WINDOWS\System32\win32u.dll
0x00007ffe1c490000 - 0x00007ffe1c4b8000 	C:\WINDOWS\System32\GDI32.dll
0x00007ffe1a230000 - 0x00007ffe1a3c2000 	C:\WINDOWS\System32\gdi32full.dll
0x00007ffe1a190000 - 0x00007ffe1a22f000 	C:\WINDOWS\System32\msvcp_win.dll
0x00007ffe1a3d0000 - 0x00007ffe1a4c8000 	C:\WINDOWS\System32\ucrtbase.dll
0x00007ffe08c50000 - 0x00007ffe08eb9000 	C:\WINDOWS\WinSxS\amd64_microsoft.windows.common-controls_6595b64144ccf1df_6.0.17134.765_none_fb42a1a930655896\COMCTL32.dll
0x00007ffe1c560000 - 0x00007ffe1c882000 	C:\WINDOWS\System32\combase.dll
0x00007ffe19f20000 - 0x00007ffe19f9a000 	C:\WINDOWS\System32\bcryptPrimitives.dll
0x00007ffe1c0e0000 - 0x00007ffe1c10d000 	C:\WINDOWS\System32\IMM32.DLL
0x0000000068bb0000 - 0x0000000068c82000 	C:\Program Files\Android\Android Studio\jre\jre\bin\msvcr100.dll
0x0000000068c90000 - 0x00000000694d1000 	C:\Program Files\Android\Android Studio\jre\jre\bin\server\jvm.dll
0x00007ffe1a510000 - 0x00007ffe1a518000 	C:\WINDOWS\System32\PSAPI.DLL
0x00007ffe17fd0000 - 0x00007ffe17fd9000 	C:\WINDOWS\SYSTEM32\WSOCK32.dll
0x00007ffe17a40000 - 0x00007ffe17a4a000 	C:\WINDOWS\SYSTEM32\VERSION.dll
0x00007ffe163d0000 - 0x00007ffe163f3000 	C:\WINDOWS\SYSTEM32\WINMM.dll
0x00007ffe1c3c0000 - 0x00007ffe1c42c000 	C:\WINDOWS\System32\WS2_32.dll
0x00007ffe16130000 - 0x00007ffe1615a000 	C:\WINDOWS\SYSTEM32\WINMMBASE.dll
0x00007ffe19490000 - 0x00007ffe194d9000 	C:\WINDOWS\System32\cfgmgr32.dll
0x00007ffe173e0000 - 0x00007ffe173ef000 	C:\Program Files\Android\Android Studio\jre\jre\bin\verify.dll
0x00007ffe0c4b0000 - 0x00007ffe0c4d9000 	C:\Program Files\Android\Android Studio\jre\jre\bin\java.dll
0x00007ffe0c490000 - 0x00007ffe0c4a6000 	C:\Program Files\Android\Android Studio\jre\jre\bin\zip.dll
0x00007ffe1a630000 - 0x00007ffe1ba70000 	C:\WINDOWS\System32\SHELL32.dll
0x00007ffe1bd20000 - 0x00007ffe1bdc9000 	C:\WINDOWS\System32\shcore.dll
0x00007ffe19590000 - 0x00007ffe19c9d000 	C:\WINDOWS\System32\windows.storage.dll
0x00007ffe1cfd0000 - 0x00007ffe1d021000 	C:\WINDOWS\System32\shlwapi.dll
0x00007ffe193c0000 - 0x00007ffe193d1000 	C:\WINDOWS\System32\kernel.appcore.dll
0x00007ffe193e0000 - 0x00007ffe193ff000 	C:\WINDOWS\System32\profapi.dll
0x00007ffe19370000 - 0x00007ffe193bc000 	C:\WINDOWS\System32\powrprof.dll
0x00007ffe19400000 - 0x00007ffe1940a000 	C:\WINDOWS\System32\FLTLIB.DLL
0x00007ffe0c470000 - 0x00007ffe0c48a000 	C:\Program Files\Android\Android Studio\jre\jre\bin\net.dll
0x00007ffe18830000 - 0x00007ffe18896000 	C:\WINDOWS\system32\mswsock.dll
0x00007ffe0c450000 - 0x00007ffe0c461000 	C:\Program Files\Android\Android Studio\jre\jre\bin\nio.dll
0x00007ffe17c00000 - 0x00007ffe17c26000 	C:\Users\Ramu\.gradle\native\29\windows-amd64\native-platform.dll
0x00007ffe173d0000 - 0x00007ffe173dd000 	C:\Program Files\Android\Android Studio\jre\jre\bin\management.dll
0x00007ffe18ec0000 - 0x00007ffe18ed7000 	C:\WINDOWS\SYSTEM32\CRYPTSP.dll
0x00007ffe18410000 - 0x00007ffe18443000 	C:\WINDOWS\system32\rsaenh.dll
0x00007ffe18e20000 - 0x00007ffe18e45000 	C:\WINDOWS\SYSTEM32\bcrypt.dll
0x00007ffe19270000 - 0x00007ffe19298000 	C:\WINDOWS\SYSTEM32\USERENV.dll
0x00007ffe189e0000 - 0x00007ffe189eb000 	C:\WINDOWS\SYSTEM32\CRYPTBASE.dll
0x00007ffe185b0000 - 0x00007ffe185e8000 	C:\WINDOWS\SYSTEM32\IPHLPAPI.DLL
0x00007ffe1c910000 - 0x00007ffe1c918000 	C:\WINDOWS\System32\NSI.dll
0x00007ffe13bd0000 - 0x00007ffe13be6000 	C:\WINDOWS\SYSTEM32\dhcpcsvc6.DLL
0x00007ffe13bb0000 - 0x00007ffe13bca000 	C:\WINDOWS\SYSTEM32\dhcpcsvc.DLL
0x00007ffe0c400000 - 0x00007ffe0c424000 	C:\Program Files\Android\Android Studio\jre\jre\bin\sunec.dll
0x00007ffe185f0000 - 0x00007ffe186ae000 	C:\WINDOWS\SYSTEM32\DNSAPI.dll
0x00007ffe12020000 - 0x00007ffe1202a000 	C:\Windows\System32\rasadhlp.dll
0x00007ffe13180000 - 0x00007ffe131f2000 	C:\WINDOWS\System32\fwpuclnt.dll
0x00007ffe0c3f0000 - 0x00007ffe0c3fb000 	C:\Program Files\Android\Android Studio\jre\jre\bin\sunmscapi.dll
0x00007ffe19fa0000 - 0x00007ffe1a182000 	C:\WINDOWS\System32\CRYPT32.dll
0x00007ffe19410000 - 0x00007ffe19422000 	C:\WINDOWS\System32\MSASN1.dll
0x00007ffe16b50000 - 0x00007ffe16bdb000 	C:\WINDOWS\system32\apphelp.dll
0x00007ffe18ee0000 - 0x00007ffe190a9000 	C:\WINDOWS\SYSTEM32\dbghelp.dll

VM Arguments:
jvm_args: -Xmx1536m -Dfile.encoding=windows-1252 -Duser.country=IN -Duser.language=en -Duser.variant 
java_command: org.gradle.launcher.daemon.bootstrap.GradleDaemon 5.4
java_class_path (initial): C:\Users\Ramu\.gradle\wrapper\dists\gradle-5.4-all\9q7zx9z650v1spbt032ijbiwh\gradle-5.4\lib\gradle-launcher-5.4.jar
Launcher Type: SUN_STANDARD

Environment Variables:
PATH=C:\WINDOWS\system32;C:\WINDOWS;C:\WINDOWS\System32\Wbem;C:\WINDOWS\System32\WindowsPowerShell\v1.0\;C:\Program Files\dotnet\;C:\Program Files\Git\cmd;C:\WINDOWS\System32\OpenSSH\;C:\Users\Ramu\AppData\Local\Microsoft\WindowsApps;C:\Users\Ramu\AppData\Local\GitHubDesktop\bin;C:\Users\Ramu\AppData\Local\atom\bin
USERNAME=Ramu
OS=Windows_NT
PROCESSOR_IDENTIFIER=Intel64 Family 6 Model 94 Stepping 3, GenuineIntel



---------------  S Y S T E M  ---------------

OS: Windows 10.0 , 64 bit Build 17134 (10.0.17134.753)

CPU:total 4 (initial active 4) (2 cores per cpu, 2 threads per core) family 6 model 94 stepping 3, cmov, cx8, fxsr, mmx, sse, sse2, sse3, ssse3, sse4.1, sse4.2, popcnt, avx, avx2, aes, clmul, erms, 3dnowpref, lzcnt, ht, tsc, tscinvbit, bmi1, bmi2, adx

Memory: 4k page, physical 8272584k(2736812k free), swap 12729032k(5502092k free)

vm_info: OpenJDK 64-Bit Server VM (25.152-b01) for windows-amd64 JRE (1.8.0_152-release-1343-b01), built by "builder" with MS VC++ 10.0 (VS2010)

time: Tue Jun 11 10:15:53 2019
elapsed time: 268 seconds (0d 0h 4m 28s)

